<?xml version="1.0" encoding="UTF-8"?>
<testsuite xmlns:xsi="http://www.w3.org/2001/XMLSchema-instance" xsi:noNamespaceSchemaLocation="https://maven.apache.org/surefire/maven-surefire-plugin/xsd/surefire-test-report-3.0.xsd" version="3.0" name="TestSuite" time="13.381" tests="1" errors="0" skipped="0" failures="0">
  <properties>
    <property name="java.specification.version" value="21"/>
    <property name="webdriver.chrome.driver" value="C:\Users\Leonardo\.cache\selenium\chromedriver\win64\139.0.7258.154\chromedriver.exe"/>
    <property name="sun.cpu.isalist" value="amd64"/>
    <property name="sun.jnu.encoding" value="Cp1252"/>
    <property name="java.class.path" value="D:\Estrutura_de_Automacoes\Cucumber\Cucumber_Automacao\target\test-classes;D:\Estrutura_de_Automacoes\Cucumber\Cucumber_Automacao\target\classes;C:\Users\Leonardo\.m2\repository\org\seleniumhq\selenium\selenium-java\4.18.0\selenium-java-4.18.0.jar;C:\Users\Leonardo\.m2\repository\org\seleniumhq\selenium\selenium-api\4.18.0\selenium-api-4.18.0.jar;C:\Users\Leonardo\.m2\repository\org\seleniumhq\selenium\selenium-chrome-driver\4.18.0\selenium-chrome-driver-4.18.0.jar;C:\Users\Leonardo\.m2\repository\com\google\auto\service\auto-service-annotations\1.1.1\auto-service-annotations-1.1.1.jar;C:\Users\Leonardo\.m2\repository\org\seleniumhq\selenium\selenium-chromium-driver\4.18.0\selenium-chromium-driver-4.18.0.jar;C:\Users\Leonardo\.m2\repository\org\seleniumhq\selenium\selenium-json\4.18.0\selenium-json-4.18.0.jar;C:\Users\Leonardo\.m2\repository\org\seleniumhq\selenium\selenium-manager\4.18.0\selenium-manager-4.18.0.jar;C:\Users\Leonardo\.m2\repository\org\seleniumhq\selenium\selenium-devtools-v119\4.18.0\selenium-devtools-v119-4.18.0.jar;C:\Users\Leonardo\.m2\repository\org\seleniumhq\selenium\selenium-devtools-v120\4.18.0\selenium-devtools-v120-4.18.0.jar;C:\Users\Leonardo\.m2\repository\org\seleniumhq\selenium\selenium-devtools-v121\4.18.0\selenium-devtools-v121-4.18.0.jar;C:\Users\Leonardo\.m2\repository\org\seleniumhq\selenium\selenium-devtools-v85\4.18.0\selenium-devtools-v85-4.18.0.jar;C:\Users\Leonardo\.m2\repository\org\seleniumhq\selenium\selenium-edge-driver\4.18.0\selenium-edge-driver-4.18.0.jar;C:\Users\Leonardo\.m2\repository\org\seleniumhq\selenium\selenium-firefox-driver\4.18.0\selenium-firefox-driver-4.18.0.jar;C:\Users\Leonardo\.m2\repository\org\seleniumhq\selenium\selenium-http\4.18.0\selenium-http-4.18.0.jar;C:\Users\Leonardo\.m2\repository\dev\failsafe\failsafe\3.3.2\failsafe-3.3.2.jar;C:\Users\Leonardo\.m2\repository\org\seleniumhq\selenium\selenium-ie-driver\4.18.0\selenium-ie-driver-4.18.0.jar;C:\Users\Leonardo\.m2\repository\org\seleniumhq\selenium\selenium-remote-driver\4.18.0\selenium-remote-driver-4.18.0.jar;C:\Users\Leonardo\.m2\repository\com\google\guava\guava\33.0.0-jre\guava-33.0.0-jre.jar;C:\Users\Leonardo\.m2\repository\com\google\guava\failureaccess\1.0.2\failureaccess-1.0.2.jar;C:\Users\Leonardo\.m2\repository\com\google\guava\listenablefuture\9999.0-empty-to-avoid-conflict-with-guava\listenablefuture-9999.0-empty-to-avoid-conflict-with-guava.jar;C:\Users\Leonardo\.m2\repository\com\google\code\findbugs\jsr305\3.0.2\jsr305-3.0.2.jar;C:\Users\Leonardo\.m2\repository\org\checkerframework\checker-qual\3.41.0\checker-qual-3.41.0.jar;C:\Users\Leonardo\.m2\repository\com\google\errorprone\error_prone_annotations\2.23.0\error_prone_annotations-2.23.0.jar;C:\Users\Leonardo\.m2\repository\com\google\j2objc\j2objc-annotations\2.8\j2objc-annotations-2.8.jar;C:\Users\Leonardo\.m2\repository\io\opentelemetry\semconv\opentelemetry-semconv\1.23.1-alpha\opentelemetry-semconv-1.23.1-alpha.jar;C:\Users\Leonardo\.m2\repository\io\opentelemetry\opentelemetry-api\1.35.0\opentelemetry-api-1.35.0.jar;C:\Users\Leonardo\.m2\repository\io\opentelemetry\opentelemetry-context\1.35.0\opentelemetry-context-1.35.0.jar;C:\Users\Leonardo\.m2\repository\io\opentelemetry\opentelemetry-exporter-logging\1.35.0\opentelemetry-exporter-logging-1.35.0.jar;C:\Users\Leonardo\.m2\repository\io\opentelemetry\opentelemetry-sdk-common\1.35.0\opentelemetry-sdk-common-1.35.0.jar;C:\Users\Leonardo\.m2\repository\io\opentelemetry\opentelemetry-sdk-extension-autoconfigure-spi\1.35.0\opentelemetry-sdk-extension-autoconfigure-spi-1.35.0.jar;C:\Users\Leonardo\.m2\repository\io\opentelemetry\opentelemetry-sdk-extension-autoconfigure\1.35.0\opentelemetry-sdk-extension-autoconfigure-1.35.0.jar;C:\Users\Leonardo\.m2\repository\io\opentelemetry\opentelemetry-api-events\1.35.0-alpha\opentelemetry-api-events-1.35.0-alpha.jar;C:\Users\Leonardo\.m2\repository\io\opentelemetry\opentelemetry-sdk-trace\1.35.0\opentelemetry-sdk-trace-1.35.0.jar;C:\Users\Leonardo\.m2\repository\io\opentelemetry\opentelemetry-extension-incubator\1.35.0-alpha\opentelemetry-extension-incubator-1.35.0-alpha.jar;C:\Users\Leonardo\.m2\repository\io\opentelemetry\opentelemetry-sdk\1.35.0\opentelemetry-sdk-1.35.0.jar;C:\Users\Leonardo\.m2\repository\io\opentelemetry\opentelemetry-sdk-metrics\1.35.0\opentelemetry-sdk-metrics-1.35.0.jar;C:\Users\Leonardo\.m2\repository\io\opentelemetry\opentelemetry-sdk-logs\1.35.0\opentelemetry-sdk-logs-1.35.0.jar;C:\Users\Leonardo\.m2\repository\net\bytebuddy\byte-buddy\1.14.12\byte-buddy-1.14.12.jar;C:\Users\Leonardo\.m2\repository\org\seleniumhq\selenium\selenium-os\4.18.0\selenium-os-4.18.0.jar;C:\Users\Leonardo\.m2\repository\org\apache\commons\commons-exec\1.3\commons-exec-1.3.jar;C:\Users\Leonardo\.m2\repository\org\seleniumhq\selenium\selenium-safari-driver\4.18.0\selenium-safari-driver-4.18.0.jar;C:\Users\Leonardo\.m2\repository\org\seleniumhq\selenium\selenium-support\4.18.0\selenium-support-4.18.0.jar;C:\Users\Leonardo\.m2\repository\io\cucumber\cucumber-java\7.9.0\cucumber-java-7.9.0.jar;C:\Users\Leonardo\.m2\repository\io\cucumber\cucumber-core\7.9.0\cucumber-core-7.9.0.jar;C:\Users\Leonardo\.m2\repository\io\cucumber\cucumber-gherkin\7.9.0\cucumber-gherkin-7.9.0.jar;C:\Users\Leonardo\.m2\repository\io\cucumber\cucumber-gherkin-messages\7.9.0\cucumber-gherkin-messages-7.9.0.jar;C:\Users\Leonardo\.m2\repository\io\cucumber\gherkin\24.1.0\gherkin-24.1.0.jar;C:\Users\Leonardo\.m2\repository\io\cucumber\messages\19.1.4\messages-19.1.4.jar;C:\Users\Leonardo\.m2\repository\io\cucumber\tag-expressions\4.1.0\tag-expressions-4.1.0.jar;C:\Users\Leonardo\.m2\repository\io\cucumber\cucumber-expressions\16.0.0\cucumber-expressions-16.0.0.jar;C:\Users\Leonardo\.m2\repository\io\cucumber\datatable\7.9.0\datatable-7.9.0.jar;C:\Users\Leonardo\.m2\repository\io\cucumber\cucumber-plugin\7.9.0\cucumber-plugin-7.9.0.jar;C:\Users\Leonardo\.m2\repository\io\cucumber\docstring\7.9.0\docstring-7.9.0.jar;C:\Users\Leonardo\.m2\repository\io\cucumber\html-formatter\20.1.0\html-formatter-20.1.0.jar;C:\Users\Leonardo\.m2\repository\io\cucumber\ci-environment\9.1.0\ci-environment-9.1.0.jar;C:\Users\Leonardo\.m2\repository\org\apiguardian\apiguardian-api\1.1.2\apiguardian-api-1.1.2.jar;C:\Users\Leonardo\.m2\repository\io\cucumber\cucumber-testng\7.9.0\cucumber-testng-7.9.0.jar;C:\Users\Leonardo\.m2\repository\org\testng\testng\7.8.0\testng-7.8.0.jar;C:\Users\Leonardo\.m2\repository\com\beust\jcommander\1.82\jcommander-1.82.jar;C:\Users\Leonardo\.m2\repository\org\webjars\jquery\3.6.1\jquery-3.6.1.jar;C:\Users\Leonardo\.m2\repository\io\qameta\allure\allure-cucumber7-jvm\2.21.0\allure-cucumber7-jvm-2.21.0.jar;C:\Users\Leonardo\.m2\repository\io\qameta\allure\allure-java-commons\2.21.0\allure-java-commons-2.21.0.jar;C:\Users\Leonardo\.m2\repository\io\qameta\allure\allure-model\2.21.0\allure-model-2.21.0.jar;C:\Users\Leonardo\.m2\repository\io\github\bonigarcia\webdrivermanager\5.5.0\webdrivermanager-5.5.0.jar;C:\Users\Leonardo\.m2\repository\com\google\code\gson\gson\2.10.1\gson-2.10.1.jar;C:\Users\Leonardo\.m2\repository\com\github\docker-java\docker-java\3.3.3\docker-java-3.3.3.jar;C:\Users\Leonardo\.m2\repository\com\github\docker-java\docker-java-core\3.3.3\docker-java-core-3.3.3.jar;C:\Users\Leonardo\.m2\repository\com\github\docker-java\docker-java-api\3.3.3\docker-java-api-3.3.3.jar;C:\Users\Leonardo\.m2\repository\com\fasterxml\jackson\core\jackson-annotations\2.10.3\jackson-annotations-2.10.3.jar;C:\Users\Leonardo\.m2\repository\commons-io\commons-io\2.6\commons-io-2.6.jar;C:\Users\Leonardo\.m2\repository\org\apache\commons\commons-compress\1.21\commons-compress-1.21.jar;C:\Users\Leonardo\.m2\repository\com\fasterxml\jackson\core\jackson-databind\2.10.3\jackson-databind-2.10.3.jar;C:\Users\Leonardo\.m2\repository\com\fasterxml\jackson\core\jackson-core\2.10.3\jackson-core-2.10.3.jar;C:\Users\Leonardo\.m2\repository\org\bouncycastle\bcpkix-jdk18on\1.75\bcpkix-jdk18on-1.75.jar;C:\Users\Leonardo\.m2\repository\org\bouncycastle\bcprov-jdk18on\1.75\bcprov-jdk18on-1.75.jar;C:\Users\Leonardo\.m2\repository\org\bouncycastle\bcutil-jdk18on\1.75\bcutil-jdk18on-1.75.jar;C:\Users\Leonardo\.m2\repository\org\slf4j\jcl-over-slf4j\1.7.30\jcl-over-slf4j-1.7.30.jar;C:\Users\Leonardo\.m2\repository\com\github\docker-java\docker-java-transport-httpclient5\3.3.3\docker-java-transport-httpclient5-3.3.3.jar;C:\Users\Leonardo\.m2\repository\com\github\docker-java\docker-java-transport\3.3.3\docker-java-transport-3.3.3.jar;C:\Users\Leonardo\.m2\repository\net\java\dev\jna\jna\5.12.1\jna-5.12.1.jar;C:\Users\Leonardo\.m2\repository\org\brotli\dec\0.1.2\dec-0.1.2.jar;C:\Users\Leonardo\.m2\repository\org\apache\commons\commons-lang3\3.13.0\commons-lang3-3.13.0.jar;C:\Users\Leonardo\.m2\repository\org\apache\httpcomponents\client5\httpclient5\5.2.1\httpclient5-5.2.1.jar;C:\Users\Leonardo\.m2\repository\org\apache\httpcomponents\core5\httpcore5\5.2\httpcore5-5.2.jar;C:\Users\Leonardo\.m2\repository\org\apache\httpcomponents\core5\httpcore5-h2\5.2\httpcore5-h2-5.2.jar;C:\Users\Leonardo\.m2\repository\org\slf4j\slf4j-api\2.0.9\slf4j-api-2.0.9.jar;C:\Users\Leonardo\.m2\repository\org\slf4j\slf4j-simple\2.0.9\slf4j-simple-2.0.9.jar;"/>
    <property name="java.vm.vendor" value="Oracle Corporation"/>
    <property name="sun.arch.data.model" value="64"/>
    <property name="user.variant" value=""/>
    <property name="java.vendor.url" value="https://java.oracle.com/"/>
    <property name="user.timezone" value="America/Sao_Paulo"/>
    <property name="os.name" value="Windows 11"/>
    <property name="java.vm.specification.version" value="21"/>
    <property name="sun.java.launcher" value="SUN_STANDARD"/>
    <property name="user.country" value="BR"/>
    <property name="sun.boot.library.path" value="C:\Program Files\Java\jdk-21\bin"/>
    <property name="sun.java.command" value="C:\Users\Leonardo\AppData\Local\Temp\surefire16144998071295161627\surefirebooter-20250902113436654_3.jar C:\Users\Leonardo\AppData\Local\Temp\surefire16144998071295161627 2025-09-02T11-34-36_288-jvmRun1 surefire-20250902113436654_1tmp surefire_0-20250902113436654_2tmp"/>
    <property name="jdk.debug" value="release"/>
    <property name="surefire.test.class.path" value="D:\Estrutura_de_Automacoes\Cucumber\Cucumber_Automacao\target\test-classes;D:\Estrutura_de_Automacoes\Cucumber\Cucumber_Automacao\target\classes;C:\Users\Leonardo\.m2\repository\org\seleniumhq\selenium\selenium-java\4.18.0\selenium-java-4.18.0.jar;C:\Users\Leonardo\.m2\repository\org\seleniumhq\selenium\selenium-api\4.18.0\selenium-api-4.18.0.jar;C:\Users\Leonardo\.m2\repository\org\seleniumhq\selenium\selenium-chrome-driver\4.18.0\selenium-chrome-driver-4.18.0.jar;C:\Users\Leonardo\.m2\repository\com\google\auto\service\auto-service-annotations\1.1.1\auto-service-annotations-1.1.1.jar;C:\Users\Leonardo\.m2\repository\org\seleniumhq\selenium\selenium-chromium-driver\4.18.0\selenium-chromium-driver-4.18.0.jar;C:\Users\Leonardo\.m2\repository\org\seleniumhq\selenium\selenium-json\4.18.0\selenium-json-4.18.0.jar;C:\Users\Leonardo\.m2\repository\org\seleniumhq\selenium\selenium-manager\4.18.0\selenium-manager-4.18.0.jar;C:\Users\Leonardo\.m2\repository\org\seleniumhq\selenium\selenium-devtools-v119\4.18.0\selenium-devtools-v119-4.18.0.jar;C:\Users\Leonardo\.m2\repository\org\seleniumhq\selenium\selenium-devtools-v120\4.18.0\selenium-devtools-v120-4.18.0.jar;C:\Users\Leonardo\.m2\repository\org\seleniumhq\selenium\selenium-devtools-v121\4.18.0\selenium-devtools-v121-4.18.0.jar;C:\Users\Leonardo\.m2\repository\org\seleniumhq\selenium\selenium-devtools-v85\4.18.0\selenium-devtools-v85-4.18.0.jar;C:\Users\Leonardo\.m2\repository\org\seleniumhq\selenium\selenium-edge-driver\4.18.0\selenium-edge-driver-4.18.0.jar;C:\Users\Leonardo\.m2\repository\org\seleniumhq\selenium\selenium-firefox-driver\4.18.0\selenium-firefox-driver-4.18.0.jar;C:\Users\Leonardo\.m2\repository\org\seleniumhq\selenium\selenium-http\4.18.0\selenium-http-4.18.0.jar;C:\Users\Leonardo\.m2\repository\dev\failsafe\failsafe\3.3.2\failsafe-3.3.2.jar;C:\Users\Leonardo\.m2\repository\org\seleniumhq\selenium\selenium-ie-driver\4.18.0\selenium-ie-driver-4.18.0.jar;C:\Users\Leonardo\.m2\repository\org\seleniumhq\selenium\selenium-remote-driver\4.18.0\selenium-remote-driver-4.18.0.jar;C:\Users\Leonardo\.m2\repository\com\google\guava\guava\33.0.0-jre\guava-33.0.0-jre.jar;C:\Users\Leonardo\.m2\repository\com\google\guava\failureaccess\1.0.2\failureaccess-1.0.2.jar;C:\Users\Leonardo\.m2\repository\com\google\guava\listenablefuture\9999.0-empty-to-avoid-conflict-with-guava\listenablefuture-9999.0-empty-to-avoid-conflict-with-guava.jar;C:\Users\Leonardo\.m2\repository\com\google\code\findbugs\jsr305\3.0.2\jsr305-3.0.2.jar;C:\Users\Leonardo\.m2\repository\org\checkerframework\checker-qual\3.41.0\checker-qual-3.41.0.jar;C:\Users\Leonardo\.m2\repository\com\google\errorprone\error_prone_annotations\2.23.0\error_prone_annotations-2.23.0.jar;C:\Users\Leonardo\.m2\repository\com\google\j2objc\j2objc-annotations\2.8\j2objc-annotations-2.8.jar;C:\Users\Leonardo\.m2\repository\io\opentelemetry\semconv\opentelemetry-semconv\1.23.1-alpha\opentelemetry-semconv-1.23.1-alpha.jar;C:\Users\Leonardo\.m2\repository\io\opentelemetry\opentelemetry-api\1.35.0\opentelemetry-api-1.35.0.jar;C:\Users\Leonardo\.m2\repository\io\opentelemetry\opentelemetry-context\1.35.0\opentelemetry-context-1.35.0.jar;C:\Users\Leonardo\.m2\repository\io\opentelemetry\opentelemetry-exporter-logging\1.35.0\opentelemetry-exporter-logging-1.35.0.jar;C:\Users\Leonardo\.m2\repository\io\opentelemetry\opentelemetry-sdk-common\1.35.0\opentelemetry-sdk-common-1.35.0.jar;C:\Users\Leonardo\.m2\repository\io\opentelemetry\opentelemetry-sdk-extension-autoconfigure-spi\1.35.0\opentelemetry-sdk-extension-autoconfigure-spi-1.35.0.jar;C:\Users\Leonardo\.m2\repository\io\opentelemetry\opentelemetry-sdk-extension-autoconfigure\1.35.0\opentelemetry-sdk-extension-autoconfigure-1.35.0.jar;C:\Users\Leonardo\.m2\repository\io\opentelemetry\opentelemetry-api-events\1.35.0-alpha\opentelemetry-api-events-1.35.0-alpha.jar;C:\Users\Leonardo\.m2\repository\io\opentelemetry\opentelemetry-sdk-trace\1.35.0\opentelemetry-sdk-trace-1.35.0.jar;C:\Users\Leonardo\.m2\repository\io\opentelemetry\opentelemetry-extension-incubator\1.35.0-alpha\opentelemetry-extension-incubator-1.35.0-alpha.jar;C:\Users\Leonardo\.m2\repository\io\opentelemetry\opentelemetry-sdk\1.35.0\opentelemetry-sdk-1.35.0.jar;C:\Users\Leonardo\.m2\repository\io\opentelemetry\opentelemetry-sdk-metrics\1.35.0\opentelemetry-sdk-metrics-1.35.0.jar;C:\Users\Leonardo\.m2\repository\io\opentelemetry\opentelemetry-sdk-logs\1.35.0\opentelemetry-sdk-logs-1.35.0.jar;C:\Users\Leonardo\.m2\repository\net\bytebuddy\byte-buddy\1.14.12\byte-buddy-1.14.12.jar;C:\Users\Leonardo\.m2\repository\org\seleniumhq\selenium\selenium-os\4.18.0\selenium-os-4.18.0.jar;C:\Users\Leonardo\.m2\repository\org\apache\commons\commons-exec\1.3\commons-exec-1.3.jar;C:\Users\Leonardo\.m2\repository\org\seleniumhq\selenium\selenium-safari-driver\4.18.0\selenium-safari-driver-4.18.0.jar;C:\Users\Leonardo\.m2\repository\org\seleniumhq\selenium\selenium-support\4.18.0\selenium-support-4.18.0.jar;C:\Users\Leonardo\.m2\repository\io\cucumber\cucumber-java\7.9.0\cucumber-java-7.9.0.jar;C:\Users\Leonardo\.m2\repository\io\cucumber\cucumber-core\7.9.0\cucumber-core-7.9.0.jar;C:\Users\Leonardo\.m2\repository\io\cucumber\cucumber-gherkin\7.9.0\cucumber-gherkin-7.9.0.jar;C:\Users\Leonardo\.m2\repository\io\cucumber\cucumber-gherkin-messages\7.9.0\cucumber-gherkin-messages-7.9.0.jar;C:\Users\Leonardo\.m2\repository\io\cucumber\gherkin\24.1.0\gherkin-24.1.0.jar;C:\Users\Leonardo\.m2\repository\io\cucumber\messages\19.1.4\messages-19.1.4.jar;C:\Users\Leonardo\.m2\repository\io\cucumber\tag-expressions\4.1.0\tag-expressions-4.1.0.jar;C:\Users\Leonardo\.m2\repository\io\cucumber\cucumber-expressions\16.0.0\cucumber-expressions-16.0.0.jar;C:\Users\Leonardo\.m2\repository\io\cucumber\datatable\7.9.0\datatable-7.9.0.jar;C:\Users\Leonardo\.m2\repository\io\cucumber\cucumber-plugin\7.9.0\cucumber-plugin-7.9.0.jar;C:\Users\Leonardo\.m2\repository\io\cucumber\docstring\7.9.0\docstring-7.9.0.jar;C:\Users\Leonardo\.m2\repository\io\cucumber\html-formatter\20.1.0\html-formatter-20.1.0.jar;C:\Users\Leonardo\.m2\repository\io\cucumber\ci-environment\9.1.0\ci-environment-9.1.0.jar;C:\Users\Leonardo\.m2\repository\org\apiguardian\apiguardian-api\1.1.2\apiguardian-api-1.1.2.jar;C:\Users\Leonardo\.m2\repository\io\cucumber\cucumber-testng\7.9.0\cucumber-testng-7.9.0.jar;C:\Users\Leonardo\.m2\repository\org\testng\testng\7.8.0\testng-7.8.0.jar;C:\Users\Leonardo\.m2\repository\com\beust\jcommander\1.82\jcommander-1.82.jar;C:\Users\Leonardo\.m2\repository\org\webjars\jquery\3.6.1\jquery-3.6.1.jar;C:\Users\Leonardo\.m2\repository\io\qameta\allure\allure-cucumber7-jvm\2.21.0\allure-cucumber7-jvm-2.21.0.jar;C:\Users\Leonardo\.m2\repository\io\qameta\allure\allure-java-commons\2.21.0\allure-java-commons-2.21.0.jar;C:\Users\Leonardo\.m2\repository\io\qameta\allure\allure-model\2.21.0\allure-model-2.21.0.jar;C:\Users\Leonardo\.m2\repository\io\github\bonigarcia\webdrivermanager\5.5.0\webdrivermanager-5.5.0.jar;C:\Users\Leonardo\.m2\repository\com\google\code\gson\gson\2.10.1\gson-2.10.1.jar;C:\Users\Leonardo\.m2\repository\com\github\docker-java\docker-java\3.3.3\docker-java-3.3.3.jar;C:\Users\Leonardo\.m2\repository\com\github\docker-java\docker-java-core\3.3.3\docker-java-core-3.3.3.jar;C:\Users\Leonardo\.m2\repository\com\github\docker-java\docker-java-api\3.3.3\docker-java-api-3.3.3.jar;C:\Users\Leonardo\.m2\repository\com\fasterxml\jackson\core\jackson-annotations\2.10.3\jackson-annotations-2.10.3.jar;C:\Users\Leonardo\.m2\repository\commons-io\commons-io\2.6\commons-io-2.6.jar;C:\Users\Leonardo\.m2\repository\org\apache\commons\commons-compress\1.21\commons-compress-1.21.jar;C:\Users\Leonardo\.m2\repository\com\fasterxml\jackson\core\jackson-databind\2.10.3\jackson-databind-2.10.3.jar;C:\Users\Leonardo\.m2\repository\com\fasterxml\jackson\core\jackson-core\2.10.3\jackson-core-2.10.3.jar;C:\Users\Leonardo\.m2\repository\org\bouncycastle\bcpkix-jdk18on\1.75\bcpkix-jdk18on-1.75.jar;C:\Users\Leonardo\.m2\repository\org\bouncycastle\bcprov-jdk18on\1.75\bcprov-jdk18on-1.75.jar;C:\Users\Leonardo\.m2\repository\org\bouncycastle\bcutil-jdk18on\1.75\bcutil-jdk18on-1.75.jar;C:\Users\Leonardo\.m2\repository\org\slf4j\jcl-over-slf4j\1.7.30\jcl-over-slf4j-1.7.30.jar;C:\Users\Leonardo\.m2\repository\com\github\docker-java\docker-java-transport-httpclient5\3.3.3\docker-java-transport-httpclient5-3.3.3.jar;C:\Users\Leonardo\.m2\repository\com\github\docker-java\docker-java-transport\3.3.3\docker-java-transport-3.3.3.jar;C:\Users\Leonardo\.m2\repository\net\java\dev\jna\jna\5.12.1\jna-5.12.1.jar;C:\Users\Leonardo\.m2\repository\org\brotli\dec\0.1.2\dec-0.1.2.jar;C:\Users\Leonardo\.m2\repository\org\apache\commons\commons-lang3\3.13.0\commons-lang3-3.13.0.jar;C:\Users\Leonardo\.m2\repository\org\apache\httpcomponents\client5\httpclient5\5.2.1\httpclient5-5.2.1.jar;C:\Users\Leonardo\.m2\repository\org\apache\httpcomponents\core5\httpcore5\5.2\httpcore5-5.2.jar;C:\Users\Leonardo\.m2\repository\org\apache\httpcomponents\core5\httpcore5-h2\5.2\httpcore5-h2-5.2.jar;C:\Users\Leonardo\.m2\repository\org\slf4j\slf4j-api\2.0.9\slf4j-api-2.0.9.jar;C:\Users\Leonardo\.m2\repository\org\slf4j\slf4j-simple\2.0.9\slf4j-simple-2.0.9.jar;"/>
    <property name="allure.results.directory" value="target/allure-results"/>
    <property name="sun.cpu.endian" value="little"/>
    <property name="user.home" value="C:\Users\Leonardo"/>
    <property name="user.language" value="pt"/>
    <property name="java.specification.vendor" value="Oracle Corporation"/>
    <property name="java.version.date" value="2025-01-21"/>
    <property name="java.home" value="C:\Program Files\Java\jdk-21"/>
    <property name="file.separator" value="\"/>
    <property name="basedir" value="D:\Estrutura_de_Automacoes\Cucumber\Cucumber_Automacao"/>
    <property name="java.vm.compressedOopsMode" value="32-bit"/>
    <property name="line.separator" value="&#10;"/>
    <property name="java.vm.specification.vendor" value="Oracle Corporation"/>
    <property name="java.specification.name" value="Java Platform API Specification"/>
    <property name="surefire.real.class.path" value="C:\Users\Leonardo\AppData\Local\Temp\surefire16144998071295161627\surefirebooter-20250902113436654_3.jar"/>
    <property name="user.script" value=""/>
    <property name="sun.management.compiler" value="HotSpot 64-Bit Tiered Compilers"/>
    <property name="java.runtime.version" value="21.0.6+8-LTS-188"/>
    <property name="user.name" value="Leonardo"/>
    <property name="stdout.encoding" value="UTF-8"/>
    <property name="path.separator" value=";"/>
    <property name="os.version" value="10.0"/>
    <property name="java.runtime.name" value="Java(TM) SE Runtime Environment"/>
    <property name="file.encoding" value="UTF-8"/>
    <property name="java.vm.name" value="Java HotSpot(TM) 64-Bit Server VM"/>
    <property name="localRepository" value="C:\Users\Leonardo\.m2\repository"/>
    <property name="java.vendor.url.bug" value="https://bugreport.java.com/bugreport/"/>
    <property name="java.io.tmpdir" value="C:\Users\Leonardo\AppData\Local\Temp\"/>
    <property name="java.version" value="21.0.6"/>
    <property name="user.dir" value="D:\Estrutura_de_Automacoes\Cucumber\Cucumber_Automacao"/>
    <property name="os.arch" value="amd64"/>
    <property name="java.vm.specification.name" value="Java Virtual Machine Specification"/>
    <property name="sun.os.patch.level" value=""/>
    <property name="native.encoding" value="Cp1252"/>
    <property name="java.library.path" value="C:\Program Files\Java\jdk-21\bin;C:\WINDOWS\Sun\Java\bin;C:\WINDOWS\system32;C:\WINDOWS;C:\Program Files\Java\jdk-21\bin;C:\Program Files\Common Files\Oracle\Java\javapath;C:\Program Files (x86)\Common Files\Oracle\Java\java8path;C:\Program Files (x86)\Common Files\Oracle\Java\javapath;C:\WINDOWS\system32;C:\WINDOWS;C:\WINDOWS\System32\Wbem;C:\WINDOWS\System32\WindowsPowerShell\v1.0\;C:\Program Files\Java\jdk-21\bin;C:\WINDOWS\System32\OpenSSH\;C:\Program Files\Java\jdk-21;C:\Program Files\Java\jdk-21\bin;C:\Users\Leonardo\Downloads\allure-2.32.2\allure-2.32.2;C:\Users\Leonardo\Downloads\allure-2.32.2\allure-2.32.2\bin;C:\Program Files\Git\cmd;C:\Maven\bin;C:\allure;C:\allure\bin;C:\Android\platform-tools;C:\Users\Leonardo\AppData\Local\Android\Sdk\tools;C:\Users\Leonardo\AppData\Local\Android\Sdk\platform-tools;C:\Users\Leonardo\AppData\Local\Android\Sdk\emulator;C:\Android\cmdline-tools\latest\bin;C:\ffmpeg\bin;C:\Program Files\VideoLAN\VLC;C:\Users\Leonardo\AppData\Local\nvm;C:\nvm4w\nodejs;C:\nvm4w\nodejs\;C:\Users\Leonardo\AppData\Local\Programs\Python\Python311\Scripts\;C:\Users\Leonardo\AppData\Local\Programs\Python\Python311\;C:\Users\Leonardo\AppData\Local\Programs\Python\Python313\Scripts\;C:\Users\Leonardo\AppData\Local\Programs\Python\Python313\;C:\Users\Leonardo\AppData\Local\Microsoft\WindowsApps;C:\Users\Leonardo\AppData\Local\Programs\Microsoft VS Code\bin;C:\Program Files\Java\jdk-21;C:\Program Files\Java\jdk-21\bin;C:\Users\Leonardo\Downloads\allure-2.32.2\allure-2.32.2;C:\Users\Leonardo\Downloads\allure-2.32.2\allure-2.32.2\bin;C:\Users\Leonardo\AppData\Roaming\npm;C:\Users\Leonardo\AppData\Local\Android\Sdk\platform-tools;C:\Users\Leonardo\AppData\Local\Android\Sdk\tools;C:\ffmpeg\bin;C:\Program Files\VideoLAN\VLC;C:\Users\Leonardo\AppData\Local\nvm;C:\nvm4w\nodejs;."/>
    <property name="java.vm.info" value="mixed mode, sharing"/>
    <property name="stderr.encoding" value="UTF-8"/>
    <property name="java.vendor" value="Oracle Corporation"/>
    <property name="java.vm.version" value="21.0.6+8-LTS-188"/>
    <property name="sun.io.unicode.encoding" value="UnicodeLittle"/>
    <property name="java.class.version" value="65.0"/>
  </properties>
  <testcase name="runScenario[&quot;Acessar página de login&quot;, &quot;Login&quot;](1)" classname="runners.TestRunner" time="10.964">
    <system-out><![CDATA[
Scenario: Acessar página de login    # src/test/resources/features/login.feature:3
Título da página: Automation Exercise
  Given que acesso a página de login # stepdefinitions.LoginSteps.acessoPaginaLogin()
]]></system-out>
    <system-err><![CDATA[[main] WARN org.testng.xml.TestNGContentHandler - It is strongly recommended to add "<!DOCTYPE suite SYSTEM "https://testng.org/testng-1.0.dtd" >" at the top of the suite file [D:\Estrutura_de_Automacoes\Cucumber\Cucumber_Automacao\testng.xml] otherwise TestNG may fail or not work as expected.
[main] INFO io.github.bonigarcia.wdm.WebDriverManager - Using chromedriver 139.0.7258.154 (resolved driver for Chrome 139)
[main] INFO io.github.bonigarcia.wdm.WebDriverManager - Exporting webdriver.chrome.driver as C:\Users\Leonardo\.cache\selenium\chromedriver\win64\139.0.7258.154\chromedriver.exe
set. 02, 2025 11:34:45 AM org.openqa.selenium.devtools.CdpVersionFinder findNearestMatch
WARNING: Unable to find CDP implementation matching 139
set. 02, 2025 11:34:45 AM org.openqa.selenium.chromium.ChromiumDriver lambda$new$5
WARNING: Unable to find version of CDP to use for 139.0.7258.155. You may need to include a dependency on a specific version of the CDP using something similar to `org.seleniumhq.selenium:selenium-devtools-v86:4.18.0` where the version ("v86") matches the version of the chromium-based browser you're using and the version number of the artifact is the same as Selenium's.
]]></system-err>
  </testcase>
</testsuite>