<?xml version="1.0" encoding="UTF-8"?>
<!-- Generated by org.testng.reporters.JUnitReportReporter -->
<testsuite hostname="DESKTOP-9U5D9IN" failures="0" tests="1" name="runners.TestRunner" time="10.963" errors="0" timestamp="2025-09-02T11:34:51 BRT" skipped="0">
  <testcase classname="runners.TestRunner" name="runScenario" time="10.963"/>
</testsuite> <!-- runners.TestRunner -->
